{
  "RSpec": {
    "coverage": {
      "/Users/malloryvining/turing/mod_1/mod_1_projects/enigma/lib/enigma.rb": {
        "lines": [
          1,
          1,
          1,
          1,
          null,
          1,
          null,
          1,
          1,
          1,
          null,
          null,
          1,
          1,
          1,
          null,
          null
        ]
      },
      "/Users/malloryvining/turing/mod_1/mod_1_projects/enigma/lib/keys.rb": {
        "lines": [
          1,
          1,
          1,
          32,
          4,
          null,
          28,
          null,
          null,
          null,
          1,
          681,
          681,
          2724,
          null,
          681,
          null,
          null
        ]
      },
      "/Users/malloryvining/turing/mod_1/mod_1_projects/enigma/lib/offset.rb": {
        "lines": [
          1,
          null,
          1,
          1,
          1,
          33,
          6,
          null,
          27,
          null,
          null,
          null,
          1,
          683,
          null,
          null,
          1,
          3405,
          null,
          null
        ]
      },
      "/Users/malloryvining/turing/mod_1/mod_1_projects/enigma/lib/encrypt.rb": {
        "lines": [
          1,
          1,
          null,
          1,
          1,
          null,
          null,
          null,
          1,
          13,
          13,
          13,
          13,
          null,
          null,
          1,
          null,
          88,
          null,
          null,
          null,
          null,
          null,
          null,
          1,
          9,
          9,
          9,
          83,
          83,
          83,
          83,
          null,
          0,
          null,
          null,
          9,
          null,
          null,
          null,
          1,
          null,
          4,
          null,
          null,
          null,
          null,
          null,
          1,
          2,
          2,
          null,
          null
        ]
      },
      "/Users/malloryvining/turing/mod_1/mod_1_projects/enigma/lib/decrypt.rb": {
        "lines": [
          1,
          1,
          null,
          null,
          null,
          1,
          11,
          11,
          11,
          11,
          null,
          null,
          1,
          null,
          82,
          null,
          null,
          null,
          null,
          null,
          null,
          1,
          7,
          7,
          77,
          77,
          77,
          77,
          null,
          null,
          0,
          null,
          null,
          7,
          null,
          null,
          1,
          null,
          4,
          null,
          null,
          null,
          null,
          null,
          1,
          2,
          2,
          null,
          null
        ]
      },
      "/Users/malloryvining/turing/mod_1/mod_1_projects/enigma/spec/encrypt_spec.rb": {
        "lines": [
          1,
          1,
          1,
          1,
          1,
          1,
          1,
          null,
          1,
          1,
          7,
          null,
          null,
          1,
          1,
          null,
          null,
          1,
          1,
          1,
          1,
          1,
          1,
          1,
          1,
          null,
          null,
          1,
          1,
          1,
          1,
          1,
          1,
          null,
          null,
          1,
          1,
          null,
          null,
          1,
          1,
          1,
          null,
          null,
          1,
          1,
          1,
          null,
          null,
          1,
          1,
          1,
          null,
          null
        ]
      },
      "/Users/malloryvining/turing/mod_1/mod_1_projects/enigma/spec/enigma_spec.rb": {
        "lines": [
          1,
          1,
          1,
          1,
          null,
          1,
          1,
          3,
          3,
          3,
          null,
          null,
          1,
          1,
          null,
          null,
          1,
          null,
          1,
          null,
          null,
          null,
          1,
          null,
          null,
          1,
          null,
          1,
          null,
          null,
          null,
          1,
          null,
          null
        ]
      },
      "/Users/malloryvining/turing/mod_1/mod_1_projects/enigma/spec/keys_spec.rb": {
        "lines": [
          1,
          1,
          1,
          1,
          1,
          null,
          1,
          1,
          4,
          4,
          null,
          null,
          1,
          1,
          1,
          null,
          null,
          1,
          1,
          null,
          null,
          1,
          1,
          1,
          1,
          null,
          null,
          1,
          1,
          null,
          null
        ]
      },
      "/Users/malloryvining/turing/mod_1/mod_1_projects/enigma/spec/offset_spec.rb": {
        "lines": [
          1,
          1,
          1,
          1,
          1,
          1,
          null,
          1,
          1,
          6,
          null,
          null,
          1,
          1,
          null,
          null,
          1,
          1,
          1,
          1,
          1,
          null,
          null,
          1,
          1,
          1,
          1,
          null,
          null,
          1,
          1,
          1,
          null,
          null,
          1,
          1,
          null,
          null,
          1,
          1,
          1,
          null,
          null
        ]
      }
    },
    "timestamp": 1637060575
  }
}
