{
  "RSpec": {
    "coverage": {
      "/Users/malloryvining/turing/mod_1/mod_1_projects/enigma/lib/enigma.rb": {
        "lines": [
          1,
          1,
          1,
          1,
          null,
          1,
          null,
          1,
          1,
          1,
          null,
          null,
          1,
          1,
          1,
          null,
          null
        ]
      },
      "/Users/malloryvining/turing/mod_1/mod_1_projects/enigma/lib/keys.rb": {
        "lines": [
          1,
          1,
          1,
          32,
          4,
          null,
          28,
          null,
          null,
          null,
          1,
          681,
          681,
          2724,
          null,
          681,
          null,
          null
        ]
      },
      "/Users/malloryvining/turing/mod_1/mod_1_projects/enigma/lib/offset.rb": {
        "lines": [
          1,
          null,
          1,
          1,
          1,
          33,
          6,
          null,
          27,
          null,
          null,
          null,
          1,
          683,
          null,
          null,
          1,
          3405,
          null,
          null
        ]
      },
      "/Users/malloryvining/turing/mod_1/mod_1_projects/enigma/lib/encrypt.rb": {
        "lines": [
          1,
          1,
          null,
          1,
          1,
          null,
          null,
          null,
          1,
          12,
          12,
          12,
          12,
          null,
          null,
          1,
          null,
          85,
          null,
          null,
          null,
          null,
          null,
          null,
          1,
          8,
          8,
          8,
          80,
          80,
          80,
          80,
          null,
          0,
          null,
          null,
          8,
          null,
          null,
          1,
          null,
          4,
          null,
          null,
          null,
          null,
          null,
          1,
          2,
          2,
          null,
          null
        ]
      },
      "/Users/malloryvining/turing/mod_1/mod_1_projects/enigma/lib/decrypt.rb": {
        "lines": [
          1,
          1,
          null,
          null,
          null,
          1,
          12,
          12,
          12,
          12,
          null,
          null,
          1,
          null,
          85,
          null,
          null,
          null,
          null,
          null,
          null,
          1,
          8,
          8,
          80,
          80,
          80,
          80,
          null,
          0,
          null,
          null,
          8,
          null,
          null,
          1,
          null,
          4,
          null,
          null,
          null,
          null,
          null,
          1,
          2,
          2,
          null,
          null
        ]
      },
      "/Users/malloryvining/turing/mod_1/mod_1_projects/enigma/spec/encrypt_spec.rb": {
        "lines": [
          1,
          1,
          1,
          1,
          1,
          1,
          1,
          null,
          1,
          1,
          7,
          null,
          null,
          1,
          1,
          null,
          null,
          1,
          1,
          1,
          1,
          1,
          1,
          1,
          1,
          null,
          null,
          1,
          1,
          1,
          1,
          1,
          1,
          null,
          null,
          1,
          1,
          null,
          null,
          1,
          1,
          1,
          null,
          null,
          1,
          1,
          1,
          null,
          null,
          1,
          1,
          1,
          null,
          null
        ]
      },
      "/Users/malloryvining/turing/mod_1/mod_1_projects/enigma/spec/enigma_spec.rb": {
        "lines": [
          1,
          1,
          1,
          1,
          null,
          1,
          1,
          3,
          3,
          3,
          null,
          null,
          1,
          1,
          null,
          null,
          1,
          null,
          1,
          null,
          null,
          null,
          1,
          null,
          null,
          1,
          null,
          1,
          null,
          null,
          null,
          1,
          null,
          null
        ]
      },
      "/Users/malloryvining/turing/mod_1/mod_1_projects/enigma/spec/keys_spec.rb": {
        "lines": [
          1,
          1,
          1,
          1,
          1,
          null,
          1,
          1,
          4,
          4,
          null,
          null,
          1,
          1,
          1,
          null,
          null,
          1,
          1,
          null,
          null,
          1,
          1,
          1,
          1,
          null,
          null,
          1,
          1,
          null,
          null
        ]
      },
      "/Users/malloryvining/turing/mod_1/mod_1_projects/enigma/spec/offset_spec.rb": {
        "lines": [
          1,
          1,
          1,
          1,
          1,
          1,
          null,
          1,
          1,
          6,
          null,
          null,
          1,
          1,
          null,
          null,
          1,
          1,
          1,
          1,
          1,
          null,
          null,
          1,
          1,
          1,
          1,
          null,
          null,
          1,
          1,
          1,
          null,
          null,
          1,
          1,
          null,
          null,
          1,
          1,
          1,
          null,
          null
        ]
      }
    },
    "timestamp": 1637062701
  }
}
